[20-Jan-2021 00:01:17 UTC] PHP Warning:  Use of undefined constant Mitch - assumed 'Mitch' (this will throw an Error in a future version of PHP) in C:\Users\mbrunke\Local Sites\university\app\public\experiment.php on line 2
[20-Jan-2021 00:01:17 UTC] PHP Stack trace:
[20-Jan-2021 00:01:17 UTC] PHP   1. {main}() C:\Users\mbrunke\Local Sites\university\app\public\experiment.php:0
[20-Jan-2021 00:01:29 UTC] PHP Warning:  Use of undefined constant Mitch - assumed 'Mitch' (this will throw an Error in a future version of PHP) in C:\Users\mbrunke\Local Sites\university\app\public\experiment.php on line 2
[20-Jan-2021 00:01:29 UTC] PHP Stack trace:
[20-Jan-2021 00:01:29 UTC] PHP   1. {main}() C:\Users\mbrunke\Local Sites\university\app\public\experiment.php:0
[20-Jan-2021 03:32:24 UTC] PHP Warning:  call_user_func_array() expects parameter 1 to be a valid callback, function 'university_files' not found or invalid function name in C:\Users\mbrunke\Local Sites\university\app\public\wp-includes\class-wp-hook.php on line 287
[20-Jan-2021 03:32:24 UTC] PHP Stack trace:
[20-Jan-2021 03:32:24 UTC] PHP   1. {main}() C:\Users\mbrunke\Local Sites\university\app\public\index.php:0
[20-Jan-2021 03:32:24 UTC] PHP   2. require() C:\Users\mbrunke\Local Sites\university\app\public\index.php:17
[20-Jan-2021 03:32:24 UTC] PHP   3. require_once() C:\Users\mbrunke\Local Sites\university\app\public\wp-blog-header.php:19
[20-Jan-2021 03:32:24 UTC] PHP   4. include() C:\Users\mbrunke\Local Sites\university\app\public\wp-includes\template-loader.php:106
[20-Jan-2021 03:32:24 UTC] PHP   5. get_header() C:\Users\mbrunke\Local Sites\university\app\public\wp-content\themes\fictional-university-theme\page.php:3
[20-Jan-2021 03:32:24 UTC] PHP   6. locate_template() C:\Users\mbrunke\Local Sites\university\app\public\wp-includes\general-template.php:48
[20-Jan-2021 03:32:24 UTC] PHP   7. load_template() C:\Users\mbrunke\Local Sites\university\app\public\wp-includes\template.php:676
[20-Jan-2021 03:32:24 UTC] PHP   8. require_once() C:\Users\mbrunke\Local Sites\university\app\public\wp-includes\template.php:730
[20-Jan-2021 03:32:24 UTC] PHP   9. wp_head() C:\Users\mbrunke\Local Sites\university\app\public\wp-content\themes\fictional-university-theme\header.php:4
[20-Jan-2021 03:32:24 UTC] PHP  10. do_action() C:\Users\mbrunke\Local Sites\university\app\public\wp-includes\general-template.php:3005
[20-Jan-2021 03:32:24 UTC] PHP  11. WP_Hook->do_action() C:\Users\mbrunke\Local Sites\university\app\public\wp-includes\plugin.php:484
[20-Jan-2021 03:32:24 UTC] PHP  12. WP_Hook->apply_filters() C:\Users\mbrunke\Local Sites\university\app\public\wp-includes\class-wp-hook.php:311
[20-Jan-2021 03:32:24 UTC] PHP  13. wp_enqueue_scripts() C:\Users\mbrunke\Local Sites\university\app\public\wp-includes\class-wp-hook.php:287
[20-Jan-2021 03:32:24 UTC] PHP  14. do_action() C:\Users\mbrunke\Local Sites\university\app\public\wp-includes\script-loader.php:2004
[20-Jan-2021 03:32:24 UTC] PHP  15. WP_Hook->do_action() C:\Users\mbrunke\Local Sites\university\app\public\wp-includes\plugin.php:484
[20-Jan-2021 03:32:24 UTC] PHP  16. WP_Hook->apply_filters() C:\Users\mbrunke\Local Sites\university\app\public\wp-includes\class-wp-hook.php:311
[20-Jan-2021 03:32:44 UTC] PHP Warning:  call_user_func_array() expects parameter 1 to be a valid callback, function 'university_files' not found or invalid function name in C:\Users\mbrunke\Local Sites\university\app\public\wp-includes\class-wp-hook.php on line 287
[20-Jan-2021 03:32:44 UTC] PHP Stack trace:
[20-Jan-2021 03:32:44 UTC] PHP   1. {main}() C:\Users\mbrunke\Local Sites\university\app\public\index.php:0
[20-Jan-2021 03:32:44 UTC] PHP   2. require() C:\Users\mbrunke\Local Sites\university\app\public\index.php:17
[20-Jan-2021 03:32:44 UTC] PHP   3. require_once() C:\Users\mbrunke\Local Sites\university\app\public\wp-blog-header.php:19
[20-Jan-2021 03:32:44 UTC] PHP   4. include() C:\Users\mbrunke\Local Sites\university\app\public\wp-includes\template-loader.php:106
[20-Jan-2021 03:32:44 UTC] PHP   5. get_header() C:\Users\mbrunke\Local Sites\university\app\public\wp-content\themes\fictional-university-theme\page.php:3
[20-Jan-2021 03:32:44 UTC] PHP   6. locate_template() C:\Users\mbrunke\Local Sites\university\app\public\wp-includes\general-template.php:48
[20-Jan-2021 03:32:44 UTC] PHP   7. load_template() C:\Users\mbrunke\Local Sites\university\app\public\wp-includes\template.php:676
[20-Jan-2021 03:32:44 UTC] PHP   8. require_once() C:\Users\mbrunke\Local Sites\university\app\public\wp-includes\template.php:730
[20-Jan-2021 03:32:44 UTC] PHP   9. wp_head() C:\Users\mbrunke\Local Sites\university\app\public\wp-content\themes\fictional-university-theme\header.php:4
[20-Jan-2021 03:32:44 UTC] PHP  10. do_action() C:\Users\mbrunke\Local Sites\university\app\public\wp-includes\general-template.php:3005
[20-Jan-2021 03:32:44 UTC] PHP  11. WP_Hook->do_action() C:\Users\mbrunke\Local Sites\university\app\public\wp-includes\plugin.php:484
[20-Jan-2021 03:32:44 UTC] PHP  12. WP_Hook->apply_filters() C:\Users\mbrunke\Local Sites\university\app\public\wp-includes\class-wp-hook.php:311
[20-Jan-2021 03:32:44 UTC] PHP  13. wp_enqueue_scripts() C:\Users\mbrunke\Local Sites\university\app\public\wp-includes\class-wp-hook.php:287
[20-Jan-2021 03:32:44 UTC] PHP  14. do_action() C:\Users\mbrunke\Local Sites\university\app\public\wp-includes\script-loader.php:2004
[20-Jan-2021 03:32:44 UTC] PHP  15. WP_Hook->do_action() C:\Users\mbrunke\Local Sites\university\app\public\wp-includes\plugin.php:484
[20-Jan-2021 03:32:44 UTC] PHP  16. WP_Hook->apply_filters() C:\Users\mbrunke\Local Sites\university\app\public\wp-includes\class-wp-hook.php:311
[20-Jan-2021 03:33:31 UTC] PHP Warning:  call_user_func_array() expects parameter 1 to be a valid callback, function 'university_files' not found or invalid function name in C:\Users\mbrunke\Local Sites\university\app\public\wp-includes\class-wp-hook.php on line 287
[20-Jan-2021 03:33:31 UTC] PHP Stack trace:
[20-Jan-2021 03:33:31 UTC] PHP   1. {main}() C:\Users\mbrunke\Local Sites\university\app\public\index.php:0
[20-Jan-2021 03:33:31 UTC] PHP   2. require() C:\Users\mbrunke\Local Sites\university\app\public\index.php:17
[20-Jan-2021 03:33:31 UTC] PHP   3. require_once() C:\Users\mbrunke\Local Sites\university\app\public\wp-blog-header.php:19
[20-Jan-2021 03:33:31 UTC] PHP   4. include() C:\Users\mbrunke\Local Sites\university\app\public\wp-includes\template-loader.php:106
[20-Jan-2021 03:33:31 UTC] PHP   5. get_header() C:\Users\mbrunke\Local Sites\university\app\public\wp-content\themes\fictional-university-theme\page.php:3
[20-Jan-2021 03:33:31 UTC] PHP   6. locate_template() C:\Users\mbrunke\Local Sites\university\app\public\wp-includes\general-template.php:48
[20-Jan-2021 03:33:31 UTC] PHP   7. load_template() C:\Users\mbrunke\Local Sites\university\app\public\wp-includes\template.php:676
[20-Jan-2021 03:33:31 UTC] PHP   8. require_once() C:\Users\mbrunke\Local Sites\university\app\public\wp-includes\template.php:730
[20-Jan-2021 03:33:31 UTC] PHP   9. wp_head() C:\Users\mbrunke\Local Sites\university\app\public\wp-content\themes\fictional-university-theme\header.php:4
[20-Jan-2021 03:33:31 UTC] PHP  10. do_action() C:\Users\mbrunke\Local Sites\university\app\public\wp-includes\general-template.php:3005
[20-Jan-2021 03:33:31 UTC] PHP  11. WP_Hook->do_action() C:\Users\mbrunke\Local Sites\university\app\public\wp-includes\plugin.php:484
[20-Jan-2021 03:33:31 UTC] PHP  12. WP_Hook->apply_filters() C:\Users\mbrunke\Local Sites\university\app\public\wp-includes\class-wp-hook.php:311
[20-Jan-2021 03:33:31 UTC] PHP  13. wp_enqueue_scripts() C:\Users\mbrunke\Local Sites\university\app\public\wp-includes\class-wp-hook.php:287
[20-Jan-2021 03:33:31 UTC] PHP  14. do_action() C:\Users\mbrunke\Local Sites\university\app\public\wp-includes\script-loader.php:2004
[20-Jan-2021 03:33:31 UTC] PHP  15. WP_Hook->do_action() C:\Users\mbrunke\Local Sites\university\app\public\wp-includes\plugin.php:484
[20-Jan-2021 03:33:31 UTC] PHP  16. WP_Hook->apply_filters() C:\Users\mbrunke\Local Sites\university\app\public\wp-includes\class-wp-hook.php:311
[20-Jan-2021 03:33:59 UTC] PHP Warning:  call_user_func_array() expects parameter 1 to be a valid callback, function 'university_files' not found or invalid function name in C:\Users\mbrunke\Local Sites\university\app\public\wp-includes\class-wp-hook.php on line 287
[20-Jan-2021 03:33:59 UTC] PHP Stack trace:
[20-Jan-2021 03:33:59 UTC] PHP   1. {main}() C:\Users\mbrunke\Local Sites\university\app\public\index.php:0
[20-Jan-2021 03:33:59 UTC] PHP   2. require() C:\Users\mbrunke\Local Sites\university\app\public\index.php:17
[20-Jan-2021 03:33:59 UTC] PHP   3. require_once() C:\Users\mbrunke\Local Sites\university\app\public\wp-blog-header.php:19
[20-Jan-2021 03:33:59 UTC] PHP   4. include() C:\Users\mbrunke\Local Sites\university\app\public\wp-includes\template-loader.php:106
[20-Jan-2021 03:33:59 UTC] PHP   5. get_header() C:\Users\mbrunke\Local Sites\university\app\public\wp-content\themes\fictional-university-theme\index.php:1
[20-Jan-2021 03:33:59 UTC] PHP   6. locate_template() C:\Users\mbrunke\Local Sites\university\app\public\wp-includes\general-template.php:48
[20-Jan-2021 03:33:59 UTC] PHP   7. load_template() C:\Users\mbrunke\Local Sites\university\app\public\wp-includes\template.php:676
[20-Jan-2021 03:33:59 UTC] PHP   8. require_once() C:\Users\mbrunke\Local Sites\university\app\public\wp-includes\template.php:730
[20-Jan-2021 03:33:59 UTC] PHP   9. wp_head() C:\Users\mbrunke\Local Sites\university\app\public\wp-content\themes\fictional-university-theme\header.php:4
[20-Jan-2021 03:33:59 UTC] PHP  10. do_action() C:\Users\mbrunke\Local Sites\university\app\public\wp-includes\general-template.php:3005
[20-Jan-2021 03:33:59 UTC] PHP  11. WP_Hook->do_action() C:\Users\mbrunke\Local Sites\university\app\public\wp-includes\plugin.php:484
[20-Jan-2021 03:33:59 UTC] PHP  12. WP_Hook->apply_filters() C:\Users\mbrunke\Local Sites\university\app\public\wp-includes\class-wp-hook.php:311
[20-Jan-2021 03:33:59 UTC] PHP  13. wp_enqueue_scripts() C:\Users\mbrunke\Local Sites\university\app\public\wp-includes\class-wp-hook.php:287
[20-Jan-2021 03:33:59 UTC] PHP  14. do_action() C:\Users\mbrunke\Local Sites\university\app\public\wp-includes\script-loader.php:2004
[20-Jan-2021 03:33:59 UTC] PHP  15. WP_Hook->do_action() C:\Users\mbrunke\Local Sites\university\app\public\wp-includes\plugin.php:484
[20-Jan-2021 03:33:59 UTC] PHP  16. WP_Hook->apply_filters() C:\Users\mbrunke\Local Sites\university\app\public\wp-includes\class-wp-hook.php:311
[20-Jan-2021 03:35:56 UTC] PHP Warning:  call_user_func_array() expects parameter 1 to be a valid callback, function 'university_files' not found or invalid function name in C:\Users\mbrunke\Local Sites\university\app\public\wp-includes\class-wp-hook.php on line 287
[20-Jan-2021 03:35:56 UTC] PHP Stack trace:
[20-Jan-2021 03:35:56 UTC] PHP   1. {main}() C:\Users\mbrunke\Local Sites\university\app\public\index.php:0
[20-Jan-2021 03:35:56 UTC] PHP   2. require() C:\Users\mbrunke\Local Sites\university\app\public\index.php:17
[20-Jan-2021 03:35:56 UTC] PHP   3. require_once() C:\Users\mbrunke\Local Sites\university\app\public\wp-blog-header.php:19
[20-Jan-2021 03:35:56 UTC] PHP   4. include() C:\Users\mbrunke\Local Sites\university\app\public\wp-includes\template-loader.php:106
[20-Jan-2021 03:35:56 UTC] PHP   5. get_header() C:\Users\mbrunke\Local Sites\university\app\public\wp-content\themes\fictional-university-theme\index.php:1
[20-Jan-2021 03:35:56 UTC] PHP   6. locate_template() C:\Users\mbrunke\Local Sites\university\app\public\wp-includes\general-template.php:48
[20-Jan-2021 03:35:56 UTC] PHP   7. load_template() C:\Users\mbrunke\Local Sites\university\app\public\wp-includes\template.php:676
[20-Jan-2021 03:35:56 UTC] PHP   8. require_once() C:\Users\mbrunke\Local Sites\university\app\public\wp-includes\template.php:730
[20-Jan-2021 03:35:56 UTC] PHP   9. wp_head() C:\Users\mbrunke\Local Sites\university\app\public\wp-content\themes\fictional-university-theme\header.php:4
[20-Jan-2021 03:35:56 UTC] PHP  10. do_action() C:\Users\mbrunke\Local Sites\university\app\public\wp-includes\general-template.php:3005
[20-Jan-2021 03:35:56 UTC] PHP  11. WP_Hook->do_action() C:\Users\mbrunke\Local Sites\university\app\public\wp-includes\plugin.php:484
[20-Jan-2021 03:35:56 UTC] PHP  12. WP_Hook->apply_filters() C:\Users\mbrunke\Local Sites\university\app\public\wp-includes\class-wp-hook.php:311
[20-Jan-2021 03:35:56 UTC] PHP  13. wp_enqueue_scripts() C:\Users\mbrunke\Local Sites\university\app\public\wp-includes\class-wp-hook.php:287
[20-Jan-2021 03:35:56 UTC] PHP  14. do_action() C:\Users\mbrunke\Local Sites\university\app\public\wp-includes\script-loader.php:2004
[20-Jan-2021 03:35:56 UTC] PHP  15. WP_Hook->do_action() C:\Users\mbrunke\Local Sites\university\app\public\wp-includes\plugin.php:484
[20-Jan-2021 03:35:56 UTC] PHP  16. WP_Hook->apply_filters() C:\Users\mbrunke\Local Sites\university\app\public\wp-includes\class-wp-hook.php:311
[20-Jan-2021 03:35:57 UTC] PHP Warning:  call_user_func_array() expects parameter 1 to be a valid callback, function 'university_files' not found or invalid function name in C:\Users\mbrunke\Local Sites\university\app\public\wp-includes\class-wp-hook.php on line 287
[20-Jan-2021 03:35:57 UTC] PHP Stack trace:
[20-Jan-2021 03:35:57 UTC] PHP   1. {main}() C:\Users\mbrunke\Local Sites\university\app\public\index.php:0
[20-Jan-2021 03:35:57 UTC] PHP   2. require() C:\Users\mbrunke\Local Sites\university\app\public\index.php:17
[20-Jan-2021 03:35:57 UTC] PHP   3. require_once() C:\Users\mbrunke\Local Sites\university\app\public\wp-blog-header.php:19
[20-Jan-2021 03:35:57 UTC] PHP   4. include() C:\Users\mbrunke\Local Sites\university\app\public\wp-includes\template-loader.php:106
[20-Jan-2021 03:35:57 UTC] PHP   5. get_header() C:\Users\mbrunke\Local Sites\university\app\public\wp-content\themes\fictional-university-theme\index.php:1
[20-Jan-2021 03:35:57 UTC] PHP   6. locate_template() C:\Users\mbrunke\Local Sites\university\app\public\wp-includes\general-template.php:48
[20-Jan-2021 03:35:57 UTC] PHP   7. load_template() C:\Users\mbrunke\Local Sites\university\app\public\wp-includes\template.php:676
[20-Jan-2021 03:35:57 UTC] PHP   8. require_once() C:\Users\mbrunke\Local Sites\university\app\public\wp-includes\template.php:730
[20-Jan-2021 03:35:57 UTC] PHP   9. wp_head() C:\Users\mbrunke\Local Sites\university\app\public\wp-content\themes\fictional-university-theme\header.php:4
[20-Jan-2021 03:35:57 UTC] PHP  10. do_action() C:\Users\mbrunke\Local Sites\university\app\public\wp-includes\general-template.php:3005
[20-Jan-2021 03:35:57 UTC] PHP  11. WP_Hook->do_action() C:\Users\mbrunke\Local Sites\university\app\public\wp-includes\plugin.php:484
[20-Jan-2021 03:35:57 UTC] PHP  12. WP_Hook->apply_filters() C:\Users\mbrunke\Local Sites\university\app\public\wp-includes\class-wp-hook.php:311
[20-Jan-2021 03:35:57 UTC] PHP  13. wp_enqueue_scripts() C:\Users\mbrunke\Local Sites\university\app\public\wp-includes\class-wp-hook.php:287
[20-Jan-2021 03:35:57 UTC] PHP  14. do_action() C:\Users\mbrunke\Local Sites\university\app\public\wp-includes\script-loader.php:2004
[20-Jan-2021 03:35:57 UTC] PHP  15. WP_Hook->do_action() C:\Users\mbrunke\Local Sites\university\app\public\wp-includes\plugin.php:484
[20-Jan-2021 03:35:57 UTC] PHP  16. WP_Hook->apply_filters() C:\Users\mbrunke\Local Sites\university\app\public\wp-includes\class-wp-hook.php:311
[20-Jan-2021 03:35:57 UTC] PHP Warning:  call_user_func_array() expects parameter 1 to be a valid callback, function 'university_files' not found or invalid function name in C:\Users\mbrunke\Local Sites\university\app\public\wp-includes\class-wp-hook.php on line 287
[20-Jan-2021 03:35:57 UTC] PHP Stack trace:
[20-Jan-2021 03:35:57 UTC] PHP   1. {main}() C:\Users\mbrunke\Local Sites\university\app\public\index.php:0
[20-Jan-2021 03:35:57 UTC] PHP   2. require() C:\Users\mbrunke\Local Sites\university\app\public\index.php:17
[20-Jan-2021 03:35:57 UTC] PHP   3. require_once() C:\Users\mbrunke\Local Sites\university\app\public\wp-blog-header.php:19
[20-Jan-2021 03:35:57 UTC] PHP   4. include() C:\Users\mbrunke\Local Sites\university\app\public\wp-includes\template-loader.php:106
[20-Jan-2021 03:35:57 UTC] PHP   5. get_header() C:\Users\mbrunke\Local Sites\university\app\public\wp-content\themes\fictional-university-theme\index.php:1
[20-Jan-2021 03:35:57 UTC] PHP   6. locate_template() C:\Users\mbrunke\Local Sites\university\app\public\wp-includes\general-template.php:48
[20-Jan-2021 03:35:57 UTC] PHP   7. load_template() C:\Users\mbrunke\Local Sites\university\app\public\wp-includes\template.php:676
[20-Jan-2021 03:35:57 UTC] PHP   8. require_once() C:\Users\mbrunke\Local Sites\university\app\public\wp-includes\template.php:730
[20-Jan-2021 03:35:57 UTC] PHP   9. wp_head() C:\Users\mbrunke\Local Sites\university\app\public\wp-content\themes\fictional-university-theme\header.php:4
[20-Jan-2021 03:35:57 UTC] PHP  10. do_action() C:\Users\mbrunke\Local Sites\university\app\public\wp-includes\general-template.php:3005
[20-Jan-2021 03:35:57 UTC] PHP  11. WP_Hook->do_action() C:\Users\mbrunke\Local Sites\university\app\public\wp-includes\plugin.php:484
[20-Jan-2021 03:35:57 UTC] PHP  12. WP_Hook->apply_filters() C:\Users\mbrunke\Local Sites\university\app\public\wp-includes\class-wp-hook.php:311
[20-Jan-2021 03:35:57 UTC] PHP  13. wp_enqueue_scripts() C:\Users\mbrunke\Local Sites\university\app\public\wp-includes\class-wp-hook.php:287
[20-Jan-2021 03:35:57 UTC] PHP  14. do_action() C:\Users\mbrunke\Local Sites\university\app\public\wp-includes\script-loader.php:2004
[20-Jan-2021 03:35:57 UTC] PHP  15. WP_Hook->do_action() C:\Users\mbrunke\Local Sites\university\app\public\wp-includes\plugin.php:484
[20-Jan-2021 03:35:57 UTC] PHP  16. WP_Hook->apply_filters() C:\Users\mbrunke\Local Sites\university\app\public\wp-includes\class-wp-hook.php:311
[20-Jan-2021 03:35:57 UTC] PHP Warning:  call_user_func_array() expects parameter 1 to be a valid callback, function 'university_files' not found or invalid function name in C:\Users\mbrunke\Local Sites\university\app\public\wp-includes\class-wp-hook.php on line 287
[20-Jan-2021 03:35:57 UTC] PHP Stack trace:
[20-Jan-2021 03:35:57 UTC] PHP   1. {main}() C:\Users\mbrunke\Local Sites\university\app\public\index.php:0
[20-Jan-2021 03:35:57 UTC] PHP   2. require() C:\Users\mbrunke\Local Sites\university\app\public\index.php:17
[20-Jan-2021 03:35:57 UTC] PHP   3. require_once() C:\Users\mbrunke\Local Sites\university\app\public\wp-blog-header.php:19
[20-Jan-2021 03:35:57 UTC] PHP   4. include() C:\Users\mbrunke\Local Sites\university\app\public\wp-includes\template-loader.php:106
[20-Jan-2021 03:35:57 UTC] PHP   5. get_header() C:\Users\mbrunke\Local Sites\university\app\public\wp-content\themes\fictional-university-theme\index.php:1
[20-Jan-2021 03:35:57 UTC] PHP   6. locate_template() C:\Users\mbrunke\Local Sites\university\app\public\wp-includes\general-template.php:48
[20-Jan-2021 03:35:57 UTC] PHP   7. load_template() C:\Users\mbrunke\Local Sites\university\app\public\wp-includes\template.php:676
[20-Jan-2021 03:35:57 UTC] PHP   8. require_once() C:\Users\mbrunke\Local Sites\university\app\public\wp-includes\template.php:730
[20-Jan-2021 03:35:57 UTC] PHP   9. wp_head() C:\Users\mbrunke\Local Sites\university\app\public\wp-content\themes\fictional-university-theme\header.php:4
[20-Jan-2021 03:35:57 UTC] PHP  10. do_action() C:\Users\mbrunke\Local Sites\university\app\public\wp-includes\general-template.php:3005
[20-Jan-2021 03:35:57 UTC] PHP  11. WP_Hook->do_action() C:\Users\mbrunke\Local Sites\university\app\public\wp-includes\plugin.php:484
[20-Jan-2021 03:35:57 UTC] PHP  12. WP_Hook->apply_filters() C:\Users\mbrunke\Local Sites\university\app\public\wp-includes\class-wp-hook.php:311
[20-Jan-2021 03:35:57 UTC] PHP  13. wp_enqueue_scripts() C:\Users\mbrunke\Local Sites\university\app\public\wp-includes\class-wp-hook.php:287
[20-Jan-2021 03:35:57 UTC] PHP  14. do_action() C:\Users\mbrunke\Local Sites\university\app\public\wp-includes\script-loader.php:2004
[20-Jan-2021 03:35:57 UTC] PHP  15. WP_Hook->do_action() C:\Users\mbrunke\Local Sites\university\app\public\wp-includes\plugin.php:484
[20-Jan-2021 03:35:57 UTC] PHP  16. WP_Hook->apply_filters() C:\Users\mbrunke\Local Sites\university\app\public\wp-includes\class-wp-hook.php:311
[20-Jan-2021 03:35:58 UTC] PHP Warning:  call_user_func_array() expects parameter 1 to be a valid callback, function 'university_files' not found or invalid function name in C:\Users\mbrunke\Local Sites\university\app\public\wp-includes\class-wp-hook.php on line 287
[20-Jan-2021 03:35:58 UTC] PHP Stack trace:
[20-Jan-2021 03:35:58 UTC] PHP   1. {main}() C:\Users\mbrunke\Local Sites\university\app\public\index.php:0
[20-Jan-2021 03:35:58 UTC] PHP   2. require() C:\Users\mbrunke\Local Sites\university\app\public\index.php:17
[20-Jan-2021 03:35:58 UTC] PHP   3. require_once() C:\Users\mbrunke\Local Sites\university\app\public\wp-blog-header.php:19
[20-Jan-2021 03:35:58 UTC] PHP   4. include() C:\Users\mbrunke\Local Sites\university\app\public\wp-includes\template-loader.php:106
[20-Jan-2021 03:35:58 UTC] PHP   5. get_header() C:\Users\mbrunke\Local Sites\university\app\public\wp-content\themes\fictional-university-theme\index.php:1
[20-Jan-2021 03:35:58 UTC] PHP   6. locate_template() C:\Users\mbrunke\Local Sites\university\app\public\wp-includes\general-template.php:48
[20-Jan-2021 03:35:58 UTC] PHP   7. load_template() C:\Users\mbrunke\Local Sites\university\app\public\wp-includes\template.php:676
[20-Jan-2021 03:35:58 UTC] PHP   8. require_once() C:\Users\mbrunke\Local Sites\university\app\public\wp-includes\template.php:730
[20-Jan-2021 03:35:58 UTC] PHP   9. wp_head() C:\Users\mbrunke\Local Sites\university\app\public\wp-content\themes\fictional-university-theme\header.php:4
[20-Jan-2021 03:35:58 UTC] PHP  10. do_action() C:\Users\mbrunke\Local Sites\university\app\public\wp-includes\general-template.php:3005
[20-Jan-2021 03:35:58 UTC] PHP  11. WP_Hook->do_action() C:\Users\mbrunke\Local Sites\university\app\public\wp-includes\plugin.php:484
[20-Jan-2021 03:35:58 UTC] PHP  12. WP_Hook->apply_filters() C:\Users\mbrunke\Local Sites\university\app\public\wp-includes\class-wp-hook.php:311
[20-Jan-2021 03:35:58 UTC] PHP  13. wp_enqueue_scripts() C:\Users\mbrunke\Local Sites\university\app\public\wp-includes\class-wp-hook.php:287
[20-Jan-2021 03:35:58 UTC] PHP  14. do_action() C:\Users\mbrunke\Local Sites\university\app\public\wp-includes\script-loader.php:2004
[20-Jan-2021 03:35:58 UTC] PHP  15. WP_Hook->do_action() C:\Users\mbrunke\Local Sites\university\app\public\wp-includes\plugin.php:484
[20-Jan-2021 03:35:58 UTC] PHP  16. WP_Hook->apply_filters() C:\Users\mbrunke\Local Sites\university\app\public\wp-includes\class-wp-hook.php:311
[20-Jan-2021 03:35:58 UTC] PHP Warning:  call_user_func_array() expects parameter 1 to be a valid callback, function 'university_files' not found or invalid function name in C:\Users\mbrunke\Local Sites\university\app\public\wp-includes\class-wp-hook.php on line 287
[20-Jan-2021 03:35:58 UTC] PHP Stack trace:
[20-Jan-2021 03:35:58 UTC] PHP   1. {main}() C:\Users\mbrunke\Local Sites\university\app\public\index.php:0
[20-Jan-2021 03:35:58 UTC] PHP   2. require() C:\Users\mbrunke\Local Sites\university\app\public\index.php:17
[20-Jan-2021 03:35:58 UTC] PHP   3. require_once() C:\Users\mbrunke\Local Sites\university\app\public\wp-blog-header.php:19
[20-Jan-2021 03:35:58 UTC] PHP   4. include() C:\Users\mbrunke\Local Sites\university\app\public\wp-includes\template-loader.php:106
[20-Jan-2021 03:35:58 UTC] PHP   5. get_header() C:\Users\mbrunke\Local Sites\university\app\public\wp-content\themes\fictional-university-theme\index.php:1
[20-Jan-2021 03:35:58 UTC] PHP   6. locate_template() C:\Users\mbrunke\Local Sites\university\app\public\wp-includes\general-template.php:48
[20-Jan-2021 03:35:58 UTC] PHP   7. load_template() C:\Users\mbrunke\Local Sites\university\app\public\wp-includes\template.php:676
[20-Jan-2021 03:35:58 UTC] PHP   8. require_once() C:\Users\mbrunke\Local Sites\university\app\public\wp-includes\template.php:730
[20-Jan-2021 03:35:58 UTC] PHP   9. wp_head() C:\Users\mbrunke\Local Sites\university\app\public\wp-content\themes\fictional-university-theme\header.php:4
[20-Jan-2021 03:35:58 UTC] PHP  10. do_action() C:\Users\mbrunke\Local Sites\university\app\public\wp-includes\general-template.php:3005
[20-Jan-2021 03:35:58 UTC] PHP  11. WP_Hook->do_action() C:\Users\mbrunke\Local Sites\university\app\public\wp-includes\plugin.php:484
[20-Jan-2021 03:35:58 UTC] PHP  12. WP_Hook->apply_filters() C:\Users\mbrunke\Local Sites\university\app\public\wp-includes\class-wp-hook.php:311
[20-Jan-2021 03:35:58 UTC] PHP  13. wp_enqueue_scripts() C:\Users\mbrunke\Local Sites\university\app\public\wp-includes\class-wp-hook.php:287
[20-Jan-2021 03:35:58 UTC] PHP  14. do_action() C:\Users\mbrunke\Local Sites\university\app\public\wp-includes\script-loader.php:2004
[20-Jan-2021 03:35:58 UTC] PHP  15. WP_Hook->do_action() C:\Users\mbrunke\Local Sites\university\app\public\wp-includes\plugin.php:484
[20-Jan-2021 03:35:58 UTC] PHP  16. WP_Hook->apply_filters() C:\Users\mbrunke\Local Sites\university\app\public\wp-includes\class-wp-hook.php:311
[20-Jan-2021 03:36:00 UTC] PHP Warning:  call_user_func_array() expects parameter 1 to be a valid callback, function 'university_files' not found or invalid function name in C:\Users\mbrunke\Local Sites\university\app\public\wp-includes\class-wp-hook.php on line 287
[20-Jan-2021 03:36:00 UTC] PHP Stack trace:
[20-Jan-2021 03:36:00 UTC] PHP   1. {main}() C:\Users\mbrunke\Local Sites\university\app\public\index.php:0
[20-Jan-2021 03:36:00 UTC] PHP   2. require() C:\Users\mbrunke\Local Sites\university\app\public\index.php:17
[20-Jan-2021 03:36:00 UTC] PHP   3. require_once() C:\Users\mbrunke\Local Sites\university\app\public\wp-blog-header.php:19
[20-Jan-2021 03:36:00 UTC] PHP   4. include() C:\Users\mbrunke\Local Sites\university\app\public\wp-includes\template-loader.php:106
[20-Jan-2021 03:36:00 UTC] PHP   5. get_header() C:\Users\mbrunke\Local Sites\university\app\public\wp-content\themes\fictional-university-theme\single.php:1
[20-Jan-2021 03:36:00 UTC] PHP   6. locate_template() C:\Users\mbrunke\Local Sites\university\app\public\wp-includes\general-template.php:48
[20-Jan-2021 03:36:00 UTC] PHP   7. load_template() C:\Users\mbrunke\Local Sites\university\app\public\wp-includes\template.php:676
[20-Jan-2021 03:36:00 UTC] PHP   8. require_once() C:\Users\mbrunke\Local Sites\university\app\public\wp-includes\template.php:730
[20-Jan-2021 03:36:00 UTC] PHP   9. wp_head() C:\Users\mbrunke\Local Sites\university\app\public\wp-content\themes\fictional-university-theme\header.php:4
[20-Jan-2021 03:36:00 UTC] PHP  10. do_action() C:\Users\mbrunke\Local Sites\university\app\public\wp-includes\general-template.php:3005
[20-Jan-2021 03:36:00 UTC] PHP  11. WP_Hook->do_action() C:\Users\mbrunke\Local Sites\university\app\public\wp-includes\plugin.php:484
[20-Jan-2021 03:36:00 UTC] PHP  12. WP_Hook->apply_filters() C:\Users\mbrunke\Local Sites\university\app\public\wp-includes\class-wp-hook.php:311
[20-Jan-2021 03:36:00 UTC] PHP  13. wp_enqueue_scripts() C:\Users\mbrunke\Local Sites\university\app\public\wp-includes\class-wp-hook.php:287
[20-Jan-2021 03:36:00 UTC] PHP  14. do_action() C:\Users\mbrunke\Local Sites\university\app\public\wp-includes\script-loader.php:2004
[20-Jan-2021 03:36:00 UTC] PHP  15. WP_Hook->do_action() C:\Users\mbrunke\Local Sites\university\app\public\wp-includes\plugin.php:484
[20-Jan-2021 03:36:00 UTC] PHP  16. WP_Hook->apply_filters() C:\Users\mbrunke\Local Sites\university\app\public\wp-includes\class-wp-hook.php:311
[20-Jan-2021 03:39:36 UTC] PHP Warning:  call_user_func_array() expects parameter 1 to be a valid callback, function 'university_files' not found or invalid function name in C:\Users\mbrunke\Local Sites\university\app\public\wp-includes\class-wp-hook.php on line 287
[20-Jan-2021 03:39:36 UTC] PHP Stack trace:
[20-Jan-2021 03:39:36 UTC] PHP   1. {main}() C:\Users\mbrunke\Local Sites\university\app\public\index.php:0
[20-Jan-2021 03:39:36 UTC] PHP   2. require() C:\Users\mbrunke\Local Sites\university\app\public\index.php:17
[20-Jan-2021 03:39:36 UTC] PHP   3. require_once() C:\Users\mbrunke\Local Sites\university\app\public\wp-blog-header.php:19
[20-Jan-2021 03:39:36 UTC] PHP   4. include() C:\Users\mbrunke\Local Sites\university\app\public\wp-includes\template-loader.php:106
[20-Jan-2021 03:39:36 UTC] PHP   5. get_header() C:\Users\mbrunke\Local Sites\university\app\public\wp-content\themes\fictional-university-theme\index.php:1
[20-Jan-2021 03:39:36 UTC] PHP   6. locate_template() C:\Users\mbrunke\Local Sites\university\app\public\wp-includes\general-template.php:48
[20-Jan-2021 03:39:36 UTC] PHP   7. load_template() C:\Users\mbrunke\Local Sites\university\app\public\wp-includes\template.php:676
[20-Jan-2021 03:39:36 UTC] PHP   8. require_once() C:\Users\mbrunke\Local Sites\university\app\public\wp-includes\template.php:730
[20-Jan-2021 03:39:36 UTC] PHP   9. wp_head() C:\Users\mbrunke\Local Sites\university\app\public\wp-content\themes\fictional-university-theme\header.php:4
[20-Jan-2021 03:39:36 UTC] PHP  10. do_action() C:\Users\mbrunke\Local Sites\university\app\public\wp-includes\general-template.php:3005
[20-Jan-2021 03:39:36 UTC] PHP  11. WP_Hook->do_action() C:\Users\mbrunke\Local Sites\university\app\public\wp-includes\plugin.php:484
[20-Jan-2021 03:39:36 UTC] PHP  12. WP_Hook->apply_filters() C:\Users\mbrunke\Local Sites\university\app\public\wp-includes\class-wp-hook.php:311
[20-Jan-2021 03:39:36 UTC] PHP  13. wp_enqueue_scripts() C:\Users\mbrunke\Local Sites\university\app\public\wp-includes\class-wp-hook.php:287
[20-Jan-2021 03:39:36 UTC] PHP  14. do_action() C:\Users\mbrunke\Local Sites\university\app\public\wp-includes\script-loader.php:2004
[20-Jan-2021 03:39:36 UTC] PHP  15. WP_Hook->do_action() C:\Users\mbrunke\Local Sites\university\app\public\wp-includes\plugin.php:484
[20-Jan-2021 03:39:36 UTC] PHP  16. WP_Hook->apply_filters() C:\Users\mbrunke\Local Sites\university\app\public\wp-includes\class-wp-hook.php:311
[20-Jan-2021 03:49:39 UTC] PHP Fatal error:  Uncaught Error: Call to undefined function wo_footer() in C:\Users\mbrunke\Local Sites\university\app\public\wp-content\themes\fictional-university-theme\footer.php:3
Stack trace:
#0 C:\Users\mbrunke\Local Sites\university\app\public\wp-includes\template.php(730): require_once()
#1 C:\Users\mbrunke\Local Sites\university\app\public\wp-includes\template.php(676): load_template('C:\\Users\\mbrunk...', true, Array)
#2 C:\Users\mbrunke\Local Sites\university\app\public\wp-includes\general-template.php(92): locate_template(Array, true, true, Array)
#3 C:\Users\mbrunke\Local Sites\university\app\public\wp-content\themes\fictional-university-theme\index.php(12): get_footer()
#4 C:\Users\mbrunke\Local Sites\university\app\public\wp-includes\template-loader.php(106): include('C:\\Users\\mbrunk...')
#5 C:\Users\mbrunke\Local Sites\university\app\public\wp-blog-header.php(19): require_once('C:\\Users\\mbrunk...')
#6 C:\Users\mbrunke\Local Sites\university\app\public\index.php(17): require('C:\\Users\\mbrunk...')
#7 {mai in C:\Users\mbrunke\Local Sites\university\app\public\wp-content\themes\fictional-university-theme\footer.php on line 3
[20-Jan-2021 04:40:31 UTC] PHP Parse error:  syntax error, unexpected 'wp_enqueue_style' (T_STRING) in C:\Users\mbrunke\Local Sites\university\app\public\wp-content\themes\fictional-university-theme\functions.php on line 5
[20-Jan-2021 04:40:32 UTC] PHP Parse error:  syntax error, unexpected 'wp_enqueue_style' (T_STRING) in C:\Users\mbrunke\Local Sites\university\app\public\wp-content\themes\fictional-university-theme\functions.php on line 5
[20-Jan-2021 04:40:45 UTC] PHP Parse error:  syntax error, unexpected 'wp_enqueue_style' (T_STRING) in C:\Users\mbrunke\Local Sites\university\app\public\wp-content\themes\fictional-university-theme\functions.php on line 5
[20-Jan-2021 04:40:45 UTC] PHP Parse error:  syntax error, unexpected 'wp_enqueue_style' (T_STRING) in C:\Users\mbrunke\Local Sites\university\app\public\wp-content\themes\fictional-university-theme\functions.php on line 5
[20-Jan-2021 04:40:45 UTC] PHP Parse error:  syntax error, unexpected 'wp_enqueue_style' (T_STRING) in C:\Users\mbrunke\Local Sites\university\app\public\wp-content\themes\fictional-university-theme\functions.php on line 5
[20-Jan-2021 04:40:45 UTC] PHP Parse error:  syntax error, unexpected 'wp_enqueue_style' (T_STRING) in C:\Users\mbrunke\Local Sites\university\app\public\wp-content\themes\fictional-university-theme\functions.php on line 5
[20-Jan-2021 04:40:55 UTC] PHP Parse error:  syntax error, unexpected 'wp_enqueue_style' (T_STRING) in C:\Users\mbrunke\Local Sites\university\app\public\wp-content\themes\fictional-university-theme\functions.php on line 5
[20-Jan-2021 04:48:59 UTC] PHP Parse error:  syntax error, unexpected '<', expecting end of file in C:\Users\mbrunke\Local Sites\university\app\public\wp-content\themes\fictional-university-theme\index.php on line 3
[20-Jan-2021 05:39:02 UTC] PHP Parse error:  syntax error, unexpected '<' in C:\Users\mbrunke\Local Sites\university\app\public\wp-content\themes\fictional-university-theme\page.php on line 11
[21-Jan-2021 04:09:17 UTC] PHP Fatal error:  Uncaught ArgumentCountError: Too few arguments to function wp_get_post_parent_id(), 0 passed in C:\Users\mbrunke\Local Sites\university\app\public\wp-content\themes\fictional-university-theme\page.php on line 21 and exactly 1 expected in C:\Users\mbrunke\Local Sites\university\app\public\wp-includes\post.php:7204
Stack trace:
#0 C:\Users\mbrunke\Local Sites\university\app\public\wp-content\themes\fictional-university-theme\page.php(21): wp_get_post_parent_id()
#1 C:\Users\mbrunke\Local Sites\university\app\public\wp-includes\template-loader.php(106): include('C:\\Users\\mbrunk...')
#2 C:\Users\mbrunke\Local Sites\university\app\public\wp-blog-header.php(19): require_once('C:\\Users\\mbrunk...')
#3 C:\Users\mbrunke\Local Sites\university\app\public\index.php(17): require('C:\\Users\\mbrunk...')
#4 {main}
  thrown in C:\Users\mbrunke\Local Sites\university\app\public\wp-includes\post.php on line 7204
[21-Jan-2021 05:17:12 UTC] PHP Parse error:  syntax error, unexpected '?>' in C:\Users\mbrunke\Local Sites\university\app\public\wp-content\themes\fictional-university-theme\page.php on line 34
[21-Jan-2021 05:17:16 UTC] PHP Parse error:  syntax error, unexpected '?>' in C:\Users\mbrunke\Local Sites\university\app\public\wp-content\themes\fictional-university-theme\page.php on line 34
[21-Jan-2021 05:17:36 UTC] PHP Parse error:  syntax error, unexpected ';', expecting ')' in C:\Users\mbrunke\Local Sites\university\app\public\wp-content\themes\fictional-university-theme\page.php on line 39
[21-Jan-2021 05:41:09 UTC] PHP Fatal error:  Uncaught Error: Call to undefined function language_atrributes() in C:\Users\mbrunke\Local Sites\university\app\public\wp-content\themes\fictional-university-theme\header.php:2
Stack trace:
#0 C:\Users\mbrunke\Local Sites\university\app\public\wp-includes\template.php(730): require_once()
#1 C:\Users\mbrunke\Local Sites\university\app\public\wp-includes\template.php(676): load_template('C:\\Users\\mbrunk...', true, Array)
#2 C:\Users\mbrunke\Local Sites\university\app\public\wp-includes\general-template.php(48): locate_template(Array, true, true, Array)
#3 C:\Users\mbrunke\Local Sites\university\app\public\wp-content\themes\fictional-university-theme\index.php(1): get_header()
#4 C:\Users\mbrunke\Local Sites\university\app\public\wp-includes\template-loader.php(106): include('C:\\Users\\mbrunk...')
#5 C:\Users\mbrunke\Local Sites\university\app\public\wp-blog-header.php(19): require_once('C:\\Users\\mbrunk...')
#6 C:\Users\mbrunke\Local Sites\university\app\public\index.php(17): require('C:\\Users\\mbrunk...' in C:\Users\mbrunke\Local Sites\university\app\public\wp-content\themes\fictional-university-theme\header.php on line 2
[21-Jan-2021 05:41:22 UTC] PHP Fatal error:  Uncaught Error: Call to undefined function language_atrributes() in C:\Users\mbrunke\Local Sites\university\app\public\wp-content\themes\fictional-university-theme\header.php:2
Stack trace:
#0 C:\Users\mbrunke\Local Sites\university\app\public\wp-includes\template.php(730): require_once()
#1 C:\Users\mbrunke\Local Sites\university\app\public\wp-includes\template.php(676): load_template('C:\\Users\\mbrunk...', true, Array)
#2 C:\Users\mbrunke\Local Sites\university\app\public\wp-includes\general-template.php(48): locate_template(Array, true, true, Array)
#3 C:\Users\mbrunke\Local Sites\university\app\public\wp-content\themes\fictional-university-theme\index.php(1): get_header()
#4 C:\Users\mbrunke\Local Sites\university\app\public\wp-includes\template-loader.php(106): include('C:\\Users\\mbrunk...')
#5 C:\Users\mbrunke\Local Sites\university\app\public\wp-blog-header.php(19): require_once('C:\\Users\\mbrunk...')
#6 C:\Users\mbrunke\Local Sites\university\app\public\index.php(17): require('C:\\Users\\mbrunk...' in C:\Users\mbrunke\Local Sites\university\app\public\wp-content\themes\fictional-university-theme\header.php on line 2
[21-Jan-2021 05:41:24 UTC] PHP Fatal error:  Uncaught Error: Call to undefined function language_atrributes() in C:\Users\mbrunke\Local Sites\university\app\public\wp-content\themes\fictional-university-theme\header.php:2
Stack trace:
#0 C:\Users\mbrunke\Local Sites\university\app\public\wp-includes\template.php(730): require_once()
#1 C:\Users\mbrunke\Local Sites\university\app\public\wp-includes\template.php(676): load_template('C:\\Users\\mbrunk...', true, Array)
#2 C:\Users\mbrunke\Local Sites\university\app\public\wp-includes\general-template.php(48): locate_template(Array, true, true, Array)
#3 C:\Users\mbrunke\Local Sites\university\app\public\wp-content\themes\fictional-university-theme\index.php(1): get_header()
#4 C:\Users\mbrunke\Local Sites\university\app\public\wp-includes\template-loader.php(106): include('C:\\Users\\mbrunk...')
#5 C:\Users\mbrunke\Local Sites\university\app\public\wp-blog-header.php(19): require_once('C:\\Users\\mbrunk...')
#6 C:\Users\mbrunke\Local Sites\university\app\public\index.php(17): require('C:\\Users\\mbrunk...' in C:\Users\mbrunke\Local Sites\university\app\public\wp-content\themes\fictional-university-theme\header.php on line 2
[21-Jan-2021 05:41:51 UTC] PHP Fatal error:  Uncaught Error: Call to undefined function language_atrributes() in C:\Users\mbrunke\Local Sites\university\app\public\wp-content\themes\fictional-university-theme\header.php:2
Stack trace:
#0 C:\Users\mbrunke\Local Sites\university\app\public\wp-includes\template.php(730): require_once()
#1 C:\Users\mbrunke\Local Sites\university\app\public\wp-includes\template.php(676): load_template('C:\\Users\\mbrunk...', true, Array)
#2 C:\Users\mbrunke\Local Sites\university\app\public\wp-includes\general-template.php(48): locate_template(Array, true, true, Array)
#3 C:\Users\mbrunke\Local Sites\university\app\public\wp-content\themes\fictional-university-theme\index.php(1): get_header()
#4 C:\Users\mbrunke\Local Sites\university\app\public\wp-includes\template-loader.php(106): include('C:\\Users\\mbrunk...')
#5 C:\Users\mbrunke\Local Sites\university\app\public\wp-blog-header.php(19): require_once('C:\\Users\\mbrunk...')
#6 C:\Users\mbrunke\Local Sites\university\app\public\index.php(17): require('C:\\Users\\mbrunk...' in C:\Users\mbrunke\Local Sites\university\app\public\wp-content\themes\fictional-university-theme\header.php on line 2
[21-Jan-2021 05:41:58 UTC] PHP Fatal error:  Uncaught Error: Call to undefined function language_atrributes() in C:\Users\mbrunke\Local Sites\university\app\public\wp-content\themes\fictional-university-theme\header.php:2
Stack trace:
#0 C:\Users\mbrunke\Local Sites\university\app\public\wp-includes\template.php(730): require_once()
#1 C:\Users\mbrunke\Local Sites\university\app\public\wp-includes\template.php(676): load_template('C:\\Users\\mbrunk...', true, Array)
#2 C:\Users\mbrunke\Local Sites\university\app\public\wp-includes\general-template.php(48): locate_template(Array, true, true, Array)
#3 C:\Users\mbrunke\Local Sites\university\app\public\wp-content\themes\fictional-university-theme\index.php(1): get_header()
#4 C:\Users\mbrunke\Local Sites\university\app\public\wp-includes\template-loader.php(106): include('C:\\Users\\mbrunk...')
#5 C:\Users\mbrunke\Local Sites\university\app\public\wp-blog-header.php(19): require_once('C:\\Users\\mbrunk...')
#6 C:\Users\mbrunke\Local Sites\university\app\public\index.php(17): require('C:\\Users\\mbrunk...' in C:\Users\mbrunke\Local Sites\university\app\public\wp-content\themes\fictional-university-theme\header.php on line 2
[21-Jan-2021 05:42:18 UTC] PHP Fatal error:  Uncaught Error: Call to undefined function language_atrributes() in C:\Users\mbrunke\Local Sites\university\app\public\wp-content\themes\fictional-university-theme\header.php:2
Stack trace:
#0 C:\Users\mbrunke\Local Sites\university\app\public\wp-includes\template.php(730): require_once()
#1 C:\Users\mbrunke\Local Sites\university\app\public\wp-includes\template.php(676): load_template('C:\\Users\\mbrunk...', true, Array)
#2 C:\Users\mbrunke\Local Sites\university\app\public\wp-includes\general-template.php(48): locate_template(Array, true, true, Array)
#3 C:\Users\mbrunke\Local Sites\university\app\public\wp-content\themes\fictional-university-theme\index.php(1): get_header()
#4 C:\Users\mbrunke\Local Sites\university\app\public\wp-includes\template-loader.php(106): include('C:\\Users\\mbrunk...')
#5 C:\Users\mbrunke\Local Sites\university\app\public\wp-blog-header.php(19): require_once('C:\\Users\\mbrunk...')
#6 C:\Users\mbrunke\Local Sites\university\app\public\index.php(17): require('C:\\Users\\mbrunk...' in C:\Users\mbrunke\Local Sites\university\app\public\wp-content\themes\fictional-university-theme\header.php on line 2
[21-Jan-2021 05:44:47 UTC] PHP Fatal error:  Uncaught Error: Call to undefined function blog_info() in C:\Users\mbrunke\Local Sites\university\app\public\wp-content\themes\fictional-university-theme\header.php:4
Stack trace:
#0 C:\Users\mbrunke\Local Sites\university\app\public\wp-includes\template.php(730): require_once()
#1 C:\Users\mbrunke\Local Sites\university\app\public\wp-includes\template.php(676): load_template('C:\\Users\\mbrunk...', true, Array)
#2 C:\Users\mbrunke\Local Sites\university\app\public\wp-includes\general-template.php(48): locate_template(Array, true, true, Array)
#3 C:\Users\mbrunke\Local Sites\university\app\public\wp-content\themes\fictional-university-theme\index.php(1): get_header()
#4 C:\Users\mbrunke\Local Sites\university\app\public\wp-includes\template-loader.php(106): include('C:\\Users\\mbrunk...')
#5 C:\Users\mbrunke\Local Sites\university\app\public\wp-blog-header.php(19): require_once('C:\\Users\\mbrunk...')
#6 C:\Users\mbrunke\Local Sites\university\app\public\index.php(17): require('C:\\Users\\mbrunk...')
#7 {main in C:\Users\mbrunke\Local Sites\university\app\public\wp-content\themes\fictional-university-theme\header.php on line 4
[25-Jan-2021 05:45:08 UTC] PHP Warning:  call_user_func_array() expects parameter 1 to be a valid callback, function 'holmes_csss' not found or invalid function name in C:\Users\mbrunke\Local Sites\university\app\public\wp-includes\class-wp-hook.php on line 287
[25-Jan-2021 05:45:08 UTC] PHP Stack trace:
[25-Jan-2021 05:45:08 UTC] PHP   1. {main}() C:\Users\mbrunke\Local Sites\university\app\public\wp-admin\plugins.php:0
[25-Jan-2021 05:45:08 UTC] PHP   2. require_once() C:\Users\mbrunke\Local Sites\university\app\public\wp-admin\plugins.php:603
[25-Jan-2021 05:45:08 UTC] PHP   3. do_action() C:\Users\mbrunke\Local Sites\university\app\public\wp-admin\admin-header.php:147
[25-Jan-2021 05:45:08 UTC] PHP   4. WP_Hook->do_action() C:\Users\mbrunke\Local Sites\university\app\public\wp-includes\plugin.php:484
[25-Jan-2021 05:45:08 UTC] PHP   5. WP_Hook->apply_filters() C:\Users\mbrunke\Local Sites\university\app\public\wp-includes\class-wp-hook.php:311
[25-Jan-2021 05:45:08 UTC] PHP Warning:  call_user_func_array() expects parameter 1 to be a valid callback, function 'hello_dolly' not found or invalid function name in C:\Users\mbrunke\Local Sites\university\app\public\wp-includes\class-wp-hook.php on line 287
[25-Jan-2021 05:45:08 UTC] PHP Stack trace:
[25-Jan-2021 05:45:08 UTC] PHP   1. {main}() C:\Users\mbrunke\Local Sites\university\app\public\wp-admin\plugins.php:0
[25-Jan-2021 05:45:08 UTC] PHP   2. require_once() C:\Users\mbrunke\Local Sites\university\app\public\wp-admin\plugins.php:603
[25-Jan-2021 05:45:08 UTC] PHP   3. do_action() C:\Users\mbrunke\Local Sites\university\app\public\wp-admin\admin-header.php:292
[25-Jan-2021 05:45:08 UTC] PHP   4. WP_Hook->do_action() C:\Users\mbrunke\Local Sites\university\app\public\wp-includes\plugin.php:484
[25-Jan-2021 05:45:08 UTC] PHP   5. WP_Hook->apply_filters() C:\Users\mbrunke\Local Sites\university\app\public\wp-includes\class-wp-hook.php:311
[25-Jan-2021 05:45:28 UTC] PHP Warning:  call_user_func_array() expects parameter 1 to be a valid callback, function 'hello_dolly' not found or invalid function name in C:\Users\mbrunke\Local Sites\university\app\public\wp-includes\class-wp-hook.php on line 287
[25-Jan-2021 05:45:28 UTC] PHP Stack trace:
[25-Jan-2021 05:45:28 UTC] PHP   1. {main}() C:\Users\mbrunke\Local Sites\university\app\public\wp-admin\plugins.php:0
[25-Jan-2021 05:45:28 UTC] PHP   2. require_once() C:\Users\mbrunke\Local Sites\university\app\public\wp-admin\plugins.php:603
[25-Jan-2021 05:45:28 UTC] PHP   3. do_action() C:\Users\mbrunke\Local Sites\university\app\public\wp-admin\admin-header.php:292
[25-Jan-2021 05:45:28 UTC] PHP   4. WP_Hook->do_action() C:\Users\mbrunke\Local Sites\university\app\public\wp-includes\plugin.php:484
[25-Jan-2021 05:45:28 UTC] PHP   5. WP_Hook->apply_filters() C:\Users\mbrunke\Local Sites\university\app\public\wp-includes\class-wp-hook.php:311
[25-Jan-2021 05:45:37 UTC] PHP Warning:  call_user_func_array() expects parameter 1 to be a valid callback, function 'hello_dolly' not found or invalid function name in C:\Users\mbrunke\Local Sites\university\app\public\wp-includes\class-wp-hook.php on line 287
[25-Jan-2021 05:45:37 UTC] PHP Stack trace:
[25-Jan-2021 05:45:37 UTC] PHP   1. {main}() C:\Users\mbrunke\Local Sites\university\app\public\wp-admin\plugins.php:0
[25-Jan-2021 05:45:37 UTC] PHP   2. require_once() C:\Users\mbrunke\Local Sites\university\app\public\wp-admin\plugins.php:603
[25-Jan-2021 05:45:37 UTC] PHP   3. do_action() C:\Users\mbrunke\Local Sites\university\app\public\wp-admin\admin-header.php:292
[25-Jan-2021 05:45:37 UTC] PHP   4. WP_Hook->do_action() C:\Users\mbrunke\Local Sites\university\app\public\wp-includes\plugin.php:484
[25-Jan-2021 05:45:37 UTC] PHP   5. WP_Hook->apply_filters() C:\Users\mbrunke\Local Sites\university\app\public\wp-includes\class-wp-hook.php:311
[25-Jan-2021 05:46:42 UTC] PHP Warning:  call_user_func_array() expects parameter 1 to be a valid callback, function 'hello_dolly' not found or invalid function name in C:\Users\mbrunke\Local Sites\university\app\public\wp-includes\class-wp-hook.php on line 287
[25-Jan-2021 05:46:42 UTC] PHP Stack trace:
[25-Jan-2021 05:46:42 UTC] PHP   1. {main}() C:\Users\mbrunke\Local Sites\university\app\public\wp-admin\plugins.php:0
[25-Jan-2021 05:46:42 UTC] PHP   2. require_once() C:\Users\mbrunke\Local Sites\university\app\public\wp-admin\plugins.php:603
[25-Jan-2021 05:46:42 UTC] PHP   3. do_action() C:\Users\mbrunke\Local Sites\university\app\public\wp-admin\admin-header.php:292
[25-Jan-2021 05:46:42 UTC] PHP   4. WP_Hook->do_action() C:\Users\mbrunke\Local Sites\university\app\public\wp-includes\plugin.php:484
[25-Jan-2021 05:46:42 UTC] PHP   5. WP_Hook->apply_filters() C:\Users\mbrunke\Local Sites\university\app\public\wp-includes\class-wp-hook.php:311
[25-Jan-2021 05:48:32 UTC] PHP Warning:  call_user_func_array() expects parameter 1 to be a valid callback, function 'hello_dolly' not found or invalid function name in C:\Users\mbrunke\Local Sites\university\app\public\wp-includes\class-wp-hook.php on line 287
[25-Jan-2021 05:48:32 UTC] PHP Stack trace:
[25-Jan-2021 05:48:32 UTC] PHP   1. {main}() C:\Users\mbrunke\Local Sites\university\app\public\wp-admin\plugins.php:0
[25-Jan-2021 05:48:32 UTC] PHP   2. require_once() C:\Users\mbrunke\Local Sites\university\app\public\wp-admin\plugins.php:603
[25-Jan-2021 05:48:32 UTC] PHP   3. do_action() C:\Users\mbrunke\Local Sites\university\app\public\wp-admin\admin-header.php:292
[25-Jan-2021 05:48:32 UTC] PHP   4. WP_Hook->do_action() C:\Users\mbrunke\Local Sites\university\app\public\wp-includes\plugin.php:484
[25-Jan-2021 05:48:32 UTC] PHP   5. WP_Hook->apply_filters() C:\Users\mbrunke\Local Sites\university\app\public\wp-includes\class-wp-hook.php:311
[25-Jan-2021 05:48:36 UTC] PHP Warning:  call_user_func_array() expects parameter 1 to be a valid callback, function 'hello_dolly' not found or invalid function name in C:\Users\mbrunke\Local Sites\university\app\public\wp-includes\class-wp-hook.php on line 287
[25-Jan-2021 05:48:36 UTC] PHP Stack trace:
[25-Jan-2021 05:48:36 UTC] PHP   1. {main}() C:\Users\mbrunke\Local Sites\university\app\public\wp-admin\plugins.php:0
[25-Jan-2021 05:48:36 UTC] PHP   2. require_once() C:\Users\mbrunke\Local Sites\university\app\public\wp-admin\plugins.php:603
[25-Jan-2021 05:48:36 UTC] PHP   3. do_action() C:\Users\mbrunke\Local Sites\university\app\public\wp-admin\admin-header.php:292
[25-Jan-2021 05:48:36 UTC] PHP   4. WP_Hook->do_action() C:\Users\mbrunke\Local Sites\university\app\public\wp-includes\plugin.php:484
[25-Jan-2021 05:48:36 UTC] PHP   5. WP_Hook->apply_filters() C:\Users\mbrunke\Local Sites\university\app\public\wp-includes\class-wp-hook.php:311
[28-Jan-2021 00:01:19 UTC] PHP Parse error:  syntax error, unexpected end of file in C:\Users\mbrunke\Local Sites\university\app\public\wp-content\themes\fictional-university-theme\index.php on line 21
[28-Jan-2021 00:01:22 UTC] PHP Parse error:  syntax error, unexpected end of file in C:\Users\mbrunke\Local Sites\university\app\public\wp-content\themes\fictional-university-theme\index.php on line 21
[28-Jan-2021 00:01:30 UTC] PHP Parse error:  syntax error, unexpected end of file in C:\Users\mbrunke\Local Sites\university\app\public\wp-content\themes\fictional-university-theme\index.php on line 21
[28-Jan-2021 00:46:30 UTC] PHP Fatal error:  Uncaught ArgumentCountError: Too few arguments to function get_post_meta(), 0 passed in C:\Users\mbrunke\Local Sites\university\app\public\wp-content\themes\fictional-university-theme\single.php on line 17 and at least 1 expected in C:\Users\mbrunke\Local Sites\university\app\public\wp-includes\post.php:2137
Stack trace:
#0 C:\Users\mbrunke\Local Sites\university\app\public\wp-content\themes\fictional-university-theme\single.php(17): get_post_meta()
#1 C:\Users\mbrunke\Local Sites\university\app\public\wp-includes\template-loader.php(106): include('C:\\Users\\mbrunk...')
#2 C:\Users\mbrunke\Local Sites\university\app\public\wp-blog-header.php(19): require_once('C:\\Users\\mbrunk...')
#3 C:\Users\mbrunke\Local Sites\university\app\public\index.php(17): require('C:\\Users\\mbrunk...')
#4 {main}
  thrown in C:\Users\mbrunke\Local Sites\university\app\public\wp-includes\post.php on line 2137
